<?xml version="1.0" encoding="UTF-8"?>
<testsuite name="krt.tools.copypast.TDD.smevInformationStatusMinsvyaz.TddMainTest" tests="4" skipped="3" failures="0" errors="0" timestamp="2020-01-23T14:49:52" hostname="user1" time="0.385">
  <properties/>
  <testcase name="LibreTest" classname="krt.tools.copypast.TDD.smevInformationStatusMinsvyaz.TddMainTest" time="0.0">
    <skipped/>
  </testcase>
  <testcase name="ExcelTest" classname="krt.tools.copypast.TDD.smevInformationStatusMinsvyaz.TddMainTest" time="0.0">
    <skipped/>
  </testcase>
  <testcase name="OpenTest" classname="krt.tools.copypast.TDD.smevInformationStatusMinsvyaz.TddMainTest" time="0.381"/>
  <testcase name="MainTest" classname="krt.tools.copypast.TDD.smevInformationStatusMinsvyaz.TddMainTest" time="0.0">
    <skipped/>
  </testcase>
  <system-out><![CDATA[[INFO ] 2020-01-23 17:49:52.990 [Test worker] TddMainTest - Logger demo after start logging ...
<?xml version="1.0" encoding="UTF-8"?><Table>
    <Row>
        <Date>20010817</Date>
        <Price>61.88</Price>
        <Volume>260163</Volume>
    </Row>
    <Row>
        <Date>20010820</Date>
        <Price>62.7</Price>
        <Volume>241859</Volume>
    </Row>
    <Row>
        <Date>20010821</Date>
        <Price>60.78</Price>
        <Volume>233989</Volume>
    </Row>
    <Row>
        <Date>20010822</Date>
        <Price>60.66</Price>
        <Volume>387444</Volume>
    </Row>
    <Row>
        <Volume/>
    </Row>
    <Row>
        <Volume/>
    </Row>
    <Row>
        <Volume/>
    </Row>
    <Row>
        <Volume/>
    </Row>
    <Row>
        <Volume/>
    </Row>
    <Row>
        <Volume/>
    </Row>
    <Row>
        <Volume/>
    </Row>
    <Row>
        <Volume/>
    </Row>
    <Row>
        <Volume/>
    </Row>
    <Row>
        <Volume/>
    </Row>
    <Row>
        <Volume/>
    </Row>
    <Row>
        <Volume/>
    </Row>
    <Row>
        <Volume/>
    </Row>
    <Row>
        <Volume/>
    </Row>
    <Row>
        <Volume/>
    </Row>
    <Row>
        <Volume/>
    </Row>
    <Row>
        <Volume/>
    </Row>
    <Row>
        <Volume/>
    </Row>
    <Row>
        <Volume/>
    </Row>
    <Row>
        <Volume/>
    </Row>
    <Row>
        <Volume/>
    </Row>
    <Row>
        <Volume/>
    </Row>
    <Row>
        <Volume/>
    </Row>
    <Row>
        <Volume/>
    </Row>
    <Row>
        <Volume/>
    </Row>
    <Row>
        <Volume/>
    </Row>
    <Row>
        <Volume/>
    </Row>
    <Row>
        <Volume/>
    </Row>
    <Row>
        <Volume/>
    </Row>
    <Row>
        <Volume/>
    </Row>
    <Row>
        <Volume/>
    </Row>
    <Row>
        <Volume/>
    </Row>
    <Row>
        <Volume/>
    </Row>
    <Row>
        <Volume/>
    </Row>
    <Row>
        <Volume/>
    </Row>
    <Row>
        <Volume/>
    </Row>
    <Row>
        <Volume/>
    </Row>
    <Row>
        <Volume/>
    </Row>
    <Row>
        <Volume/>
    </Row>
    <Row>
        <Volume/>
    </Row>
    <Row>
        <Volume/>
    </Row>
    <Row>
        <Volume/>
    </Row>
    <Row>
        <Volume/>
    </Row>
    <Row>
        <Volume/>
    </Row>
    <Row>
        <Volume/>
    </Row>
    <Row>
        <Volume/>
    </Row>
    <Row>
        <Volume/>
    </Row>
    <Row>
        <Volume/>
    </Row>
    <Row>
        <Volume/>
    </Row>
    <Row>
        <Volume/>
    </Row>
    <Row>
        <Volume/>
    </Row>
    <Row>
        <Volume/>
    </Row>
    <Row>
        <Volume/>
    </Row>
    <Row>
        <Volume/>
    </Row>
    <Row>
        <Volume/>
    </Row>
    <Row>
        <Volume/>
    </Row>
    <Row>
        <Volume/>
    </Row>
    <Row>
        <Volume/>
    </Row>
    <Row>
        <Volume/>
    </Row>
    <Row>
        <Volume/>
    </Row>
    <Row>
        <Volume/>
    </Row>
    <Row>
        <Volume/>
    </Row>
    <Row>
        <Volume/>
    </Row>
    <Row>
        <Volume/>
    </Row>
    <Row>
        <Volume/>
    </Row>
    <Row>
        <Volume/>
    </Row>
    <Row>
        <Volume/>
    </Row>
    <Row>
        <Volume/>
    </Row>
    <Row>
        <Volume/>
    </Row>
    <Row>
        <Volume/>
    </Row>
    <Row>
        <Volume/>
    </Row>
    <Row>
        <Volume/>
    </Row>
    <Row>
        <Volume/>
    </Row>
    <Row>
        <Volume/>
    </Row>
    <Row>
        <Volume/>
    </Row>
    <Row>
        <Volume/>
    </Row>
    <Row>
        <Volume/>
    </Row>
    <Row>
        <Volume/>
    </Row>
    <Row>
        <Volume/>
    </Row>
    <Row>
        <Volume/>
    </Row>
    <Row>
        <Volume/>
    </Row>
    <Row>
        <Volume/>
    </Row>
    <Row>
        <Volume/>
    </Row>
    <Row>
        <Volume/>
    </Row>
    <Row>
        <Volume/>
    </Row>
    <Row>
        <Volume/>
    </Row>
    <Row>
        <Volume/>
    </Row>
    <Row>
        <Volume/>
    </Row>
    <Row>
        <Volume/>
    </Row>
    <Row>
        <Volume/>
    </Row>
    <Row>
        <Volume/>
    </Row>
    <Row>
        <Volume/>
    </Row>
    <Row>
        <Volume/>
    </Row>
    <Row>
        <Volume/>
    </Row>
    <Row>
        <Volume/>
    </Row>
    <Row>
        <Volume/>
    </Row>
    <Row>
        <Volume/>
    </Row>
    <Row>
        <Volume/>
    </Row>
    <Row>
        <Volume/>
    </Row>
    <Row>
        <Volume/>
    </Row>
    <Row>
        <Volume/>
    </Row>
    <Row>
        <Volume/>
    </Row>
    <Row>
        <Volume/>
    </Row>
    <Row>
        <Volume/>
    </Row>
    <Row>
        <Volume/>
    </Row>
    <Row>
        <Volume/>
    </Row>
    <Row>
        <Volume/>
    </Row>
    <Row>
        <Volume/>
    </Row>
    <Row>
        <Volume/>
    </Row>
    <Row>
        <Volume/>
    </Row>
    <Row>
        <Volume/>
    </Row>
    <Row>
        <Volume/>
    </Row>
    <Row>
        <Volume/>
    </Row>
    <Row>
        <Volume/>
    </Row>
    <Row>
        <Volume/>
    </Row>
    <Row>
        <Volume/>
    </Row>
    <Row>
        <Volume/>
    </Row>
    <Row>
        <Volume/>
    </Row>
    <Row>
        <Volume/>
    </Row>
    <Row>
        <Volume/>
    </Row>
    <Row>
        <Volume/>
    </Row>
    <Row>
        <Volume/>
    </Row>
    <Row>
        <Volume/>
    </Row>
    <Row>
        <Volume/>
    </Row>
    <Row>
        <Volume/>
    </Row>
    <Row>
        <Volume/>
    </Row>
    <Row>
        <Volume/>
    </Row>
    <Row>
        <Volume/>
    </Row>
    <Row>
        <Volume/>
    </Row>
    <Row>
        <Volume/>
    </Row>
    <Row>
        <Volume/>
    </Row>
    <Row>
        <Volume/>
    </Row>
    <Row>
        <Volume/>
    </Row>
    <Row>
        <Volume/>
    </Row>
    <Row>
        <Volume/>
    </Row>
    <Row>
        <Volume/>
    </Row>
    <Row>
        <Volume/>
    </Row>
    <Row>
        <Volume/>
    </Row>
    <Row>
        <Volume/>
    </Row>
    <Row>
        <Volume/>
    </Row>
    <Row>
        <Volume/>
    </Row>
    <Row>
        <Volume/>
    </Row>
    <Row>
        <Volume/>
    </Row>
    <Row>
        <Volume/>
    </Row>
    <Row>
        <Volume/>
    </Row>
    <Row>
        <Volume/>
    </Row>
    <Row>
        <Volume/>
    </Row>
    <Row>
        <Volume/>
    </Row>
    <Row>
        <Volume/>
    </Row>
    <Row>
        <Volume/>
    </Row>
    <Row>
        <Volume/>
    </Row>
    <Row>
        <Volume/>
    </Row>
    <Row>
        <Volume/>
    </Row>
    <Row>
        <Volume/>
    </Row>
    <Row>
        <Volume/>
    </Row>
    <Row>
        <Volume/>
    </Row>
    <Row>
        <Volume/>
    </Row>
    <Row>
        <Volume/>
    </Row>
    <Row>
        <Volume/>
    </Row>
    <Row>
        <Volume/>
    </Row>
    <Row>
        <Volume/>
    </Row>
    <Row>
        <Volume/>
    </Row>
    <Row>
        <Volume/>
    </Row>
    <Row>
        <Volume/>
    </Row>
    <Row>
        <Volume/>
    </Row>
    <Row>
        <Volume/>
    </Row>
    <Row>
        <Volume/>
    </Row>
    <Row>
        <Volume/>
    </Row>
    <Row>
        <Volume/>
    </Row>
    <Row>
        <Volume/>
    </Row>
    <Row>
        <Volume/>
    </Row>
    <Row>
        <Volume/>
    </Row>
    <Row>
        <Volume/>
    </Row>
    <Row>
        <Volume/>
    </Row>
    <Row>
        <Volume/>
    </Row>
    <Row>
        <Volume/>
    </Row>
    <Row>
        <Volume/>
    </Row>
    <Row>
        <Volume/>
    </Row>
    <Row>
        <Volume/>
    </Row>
    <Row>
        <Volume/>
    </Row>
    <Row>
        <Volume/>
    </Row>
    <Row>
        <Volume/>
    </Row>
    <Row>
        <Volume/>
    </Row>
    <Row>
        <Volume/>
    </Row>
    <Row>
        <Volume/>
    </Row>
    <Row>
        <Volume/>
    </Row>
    <Row>
        <Volume/>
    </Row>
    <Row>
        <Volume/>
    </Row>
    <Row>
        <Volume/>
    </Row>
    <Row>
        <Volume/>
    </Row>
    <Row>
        <Volume/>
    </Row>
    <Row>
        <Volume/>
    </Row>
    <Row>
        <Volume/>
    </Row>
    <Row>
        <Volume/>
    </Row>
    <Row>
        <Volume/>
    </Row>
    <Row>
        <Volume/>
    </Row>
    <Row>
        <Volume/>
    </Row>
    <Row>
        <Volume/>
    </Row>
    <Row>
        <Volume/>
    </Row>
    <Row>
        <Volume/>
    </Row>
    <Row>
        <Volume/>
    </Row>
    <Row>
        <Volume/>
    </Row>
    <Row>
        <Volume/>
    </Row>
    <Row>
        <Volume/>
    </Row>
    <Row>
        <Volume/>
    </Row>
    <Row>
        <Volume/>
    </Row>
    <Row>
        <Volume/>
    </Row>
    <Row>
        <Volume/>
    </Row>
    <Row>
        <Volume/>
    </Row>
    <Row>
        <Volume/>
    </Row>
    <Row>
        <Volume/>
    </Row>
    <Row>
        <Volume/>
    </Row>
    <Row>
        <Volume/>
    </Row>
    <Row>
        <Volume/>
    </Row>
    <Row>
        <Volume/>
    </Row>
    <Row>
        <Volume/>
    </Row>
    <Row>
        <Volume/>
    </Row>
    <Row>
        <Volume/>
    </Row>
    <Row>
        <Volume/>
    </Row>
    <Row>
        <Volume/>
    </Row>
    <Row>
        <Volume/>
    </Row>
    <Row>
        <Volume/>
    </Row>
    <Row>
        <Volume/>
    </Row>
    <Row>
        <Volume/>
    </Row>
    <Row>
        <Volume/>
    </Row>
    <Row>
        <Volume/>
    </Row>
    <Row>
        <Volume/>
    </Row>
    <Row>
        <Volume/>
    </Row>
    <Row>
        <Volume/>
    </Row>
    <Row>
        <Volume/>
    </Row>
    <Row>
        <Volume/>
    </Row>
    <Row>
        <Volume/>
    </Row>
    <Row>
        <Volume/>
    </Row>
    <Row>
        <Volume/>
    </Row>
    <Row>
        <Volume/>
    </Row>
    <Row>
        <Volume/>
    </Row>
    <Row>
        <Volume/>
    </Row>
    <Row>
        <Volume/>
    </Row>
    <Row>
        <Volume/>
    </Row>
    <Row>
        <Volume/>
    </Row>
    <Row>
        <Volume/>
    </Row>
    <Row>
        <Volume/>
    </Row>
    <Row>
        <Volume/>
    </Row>
    <Row>
        <Volume/>
    </Row>
    <Row>
        <Volume/>
    </Row>
    <Row>
        <Volume/>
    </Row>
    <Row>
        <Volume/>
    </Row>
    <Row>
        <Volume/>
    </Row>
    <Row>
        <Volume/>
    </Row>
    <Row>
        <Volume/>
    </Row>
    <Row>
        <Volume/>
    </Row>
</Table>

]]></system-out>
  <system-err><![CDATA[]]></system-err>
</testsuite>
